This file contains any messages produced by compilers while
running configure, to aid debugging if configure makes a mistake.

It was created by unuran configure 1.11.0, which was
generated by GNU Autoconf 2.71.  Invocation command line was

  $ /home/wrdx/5_sem/pysatl-core/vendor/unuran-1.11.0/configure --prefix=/home/wrdx/5_sem/pysatl-core/vendor/unuran-build --enable-static --disable-shared

## --------- ##
## Platform. ##
## --------- ##

hostname = wrdx
uname -m = x86_64
uname -r = 6.14.0-36-generic
uname -s = Linux
uname -v = #36~24.04.1-Ubuntu SMP PREEMPT_DYNAMIC Wed Oct 15 15:45:17 UTC 2

/usr/bin/uname -p = x86_64
/bin/uname -X     = unknown

/bin/arch              = x86_64
/usr/bin/arch -k       = unknown
/usr/convex/getsysinfo = unknown
/usr/bin/hostinfo      = unknown
/bin/machine           = unknown
/usr/bin/oslevel       = unknown
/bin/universe          = unknown

PATH: /home/wrdx/5_sem/.venv/bin/
PATH: /usr/local/sbin/
PATH: /usr/local/bin/
PATH: /usr/sbin/
PATH: /usr/bin/
PATH: /sbin/
PATH: /bin/
PATH: /usr/games/
PATH: /usr/local/games/
PATH: /snap/bin/
PATH: /snap/bin/


## ----------- ##
## Core tests. ##
## ----------- ##

configure:2957: looking for aux files: ltmain.sh compile config.guess config.sub missing install-sh
configure:2970:  trying ./autoconf/
configure:2999:   ./autoconf/ltmain.sh found
configure:2999:   ./autoconf/compile found
configure:2999:   ./autoconf/config.guess found
configure:2999:   ./autoconf/config.sub found
configure:2999:   ./autoconf/missing found
configure:2981:   ./autoconf/install-sh found
configure:3132: checking for a BSD-compatible install
configure:3205: result: /usr/bin/install -c
configure:3216: checking whether build environment is sane
configure:3271: result: yes
configure:3430: checking for a race-free mkdir -p
configure:3474: result: /usr/bin/mkdir -p
configure:3481: checking for gawk
configure:3516: result: no
configure:3481: checking for mawk
configure:3502: found /usr/bin/mawk
configure:3513: result: mawk
configure:3524: checking whether make sets $(MAKE)
configure:3547: result: yes
configure:3577: checking whether make supports nested variables
configure:3595: result: yes
configure:3737: checking whether to enable maintainer-specific portions of Makefiles
configure:3747: result: no
configure:3767: checking build system type
configure:3782: result: x86_64-pc-linux-gnu
configure:3802: checking host system type
configure:3816: result: x86_64-pc-linux-gnu
configure:3837: checking whether make sets $(MAKE)
configure:3860: result: yes
configure:3931: checking for gcc
configure:3952: found /usr/bin/gcc
configure:3963: result: gcc
configure:4316: checking for C compiler version
configure:4325: gcc --version >&5
gcc (Ubuntu 13.3.0-6ubuntu2~24.04) 13.3.0
Copyright (C) 2023 Free Software Foundation, Inc.
This is free software; see the source for copying conditions.  There is NO
warranty; not even for MERCHANTABILITY or FITNESS FOR A PARTICULAR PURPOSE.

configure:4336: $? = 0
configure:4325: gcc -v >&5
Using built-in specs.
COLLECT_GCC=gcc
COLLECT_LTO_WRAPPER=/usr/libexec/gcc/x86_64-linux-gnu/13/lto-wrapper
OFFLOAD_TARGET_NAMES=nvptx-none:amdgcn-amdhsa
OFFLOAD_TARGET_DEFAULT=1
Target: x86_64-linux-gnu
Configured with: ../src/configure -v --with-pkgversion='Ubuntu 13.3.0-6ubuntu2~24.04' --with-bugurl=file:///usr/share/doc/gcc-13/README.Bugs --enable-languages=c,ada,c++,go,d,fortran,objc,obj-c++,m2 --prefix=/usr --with-gcc-major-version-only --program-suffix=-13 --program-prefix=x86_64-linux-gnu- --enable-shared --enable-linker-build-id --libexecdir=/usr/libexec --without-included-gettext --enable-threads=posix --libdir=/usr/lib --enable-nls --enable-bootstrap --enable-clocale=gnu --enable-libstdcxx-debug --enable-libstdcxx-time=yes --with-default-libstdcxx-abi=new --enable-libstdcxx-backtrace --enable-gnu-unique-object --disable-vtable-verify --enable-plugin --enable-default-pie --with-system-zlib --enable-libphobos-checking=release --with-target-system-zlib=auto --enable-objc-gc=auto --enable-multiarch --disable-werror --enable-cet --with-arch-32=i686 --with-abi=m64 --with-multilib-list=m32,m64,mx32 --enable-multilib --with-tune=generic --enable-offload-targets=nvptx-none=/build/gcc-13-fG75Ri/gcc-13-13.3.0/debian/tmp-nvptx/usr,amdgcn-amdhsa=/build/gcc-13-fG75Ri/gcc-13-13.3.0/debian/tmp-gcn/usr --enable-offload-defaulted --without-cuda-driver --enable-checking=release --build=x86_64-linux-gnu --host=x86_64-linux-gnu --target=x86_64-linux-gnu --with-build-config=bootstrap-lto-lean --enable-link-serialization=2
Thread model: posix
Supported LTO compression algorithms: zlib zstd
gcc version 13.3.0 (Ubuntu 13.3.0-6ubuntu2~24.04) 
... rest of stderr output deleted ...
configure:4336: $? = 0
configure:4325: gcc -V >&5
gcc: error: unrecognized command-line option '-V'
gcc: fatal error: no input files
compilation terminated.
configure:4336: $? = 1
configure:4325: gcc -qversion >&5
gcc: error: unrecognized command-line option '-qversion'; did you mean '--version'?
gcc: fatal error: no input files
compilation terminated.
configure:4336: $? = 1
configure:4325: gcc -version >&5
gcc: error: unrecognized command-line option '-version'
gcc: fatal error: no input files
compilation terminated.
configure:4336: $? = 1
configure:4356: checking whether the C compiler works
configure:4378: gcc -fPIC    conftest.c  >&5
configure:4382: $? = 0
configure:4432: result: yes
configure:4435: checking for C compiler default output file name
configure:4437: result: a.out
configure:4443: checking for suffix of executables
configure:4450: gcc -o conftest -fPIC    conftest.c  >&5
configure:4454: $? = 0
configure:4477: result: 
configure:4499: checking whether we are cross compiling
configure:4507: gcc -o conftest -fPIC    conftest.c  >&5
configure:4511: $? = 0
configure:4518: ./conftest
configure:4522: $? = 0
configure:4537: result: no
configure:4542: checking for suffix of object files
configure:4565: gcc -c -fPIC   conftest.c >&5
configure:4569: $? = 0
configure:4591: result: o
configure:4595: checking whether the compiler supports GNU C
configure:4615: gcc -c -fPIC   conftest.c >&5
configure:4615: $? = 0
configure:4625: result: yes
configure:4636: checking whether gcc accepts -g
configure:4657: gcc -c -g  conftest.c >&5
configure:4657: $? = 0
configure:4701: result: yes
configure:4721: checking for gcc option to enable C11 features
configure:4736: gcc  -c -fPIC   conftest.c >&5
configure:4736: $? = 0
configure:4754: result: none needed
configure:4870: checking whether gcc understands -c and -o together
configure:4893: gcc -c conftest.c -o conftest2.o
configure:4896: $? = 0
configure:4893: gcc -c conftest.c -o conftest2.o
configure:4896: $? = 0
configure:4908: result: yes
configure:4928: checking whether make supports the include directive
configure:4943: make -f confmf.GNU && cat confinc.out
this is the am__doit target
configure:4946: $? = 0
configure:4965: result: yes (GNU style)
configure:4991: checking dependency style of gcc
configure:5103: result: gcc3
configure:5187: checking for g++
configure:5208: found /usr/bin/g++
configure:5219: result: g++
configure:5246: checking for C++ compiler version
configure:5255: g++ --version >&5
g++ (Ubuntu 13.3.0-6ubuntu2~24.04) 13.3.0
Copyright (C) 2023 Free Software Foundation, Inc.
This is free software; see the source for copying conditions.  There is NO
warranty; not even for MERCHANTABILITY or FITNESS FOR A PARTICULAR PURPOSE.

configure:5266: $? = 0
configure:5255: g++ -v >&5
Using built-in specs.
COLLECT_GCC=g++
COLLECT_LTO_WRAPPER=/usr/libexec/gcc/x86_64-linux-gnu/13/lto-wrapper
OFFLOAD_TARGET_NAMES=nvptx-none:amdgcn-amdhsa
OFFLOAD_TARGET_DEFAULT=1
Target: x86_64-linux-gnu
Configured with: ../src/configure -v --with-pkgversion='Ubuntu 13.3.0-6ubuntu2~24.04' --with-bugurl=file:///usr/share/doc/gcc-13/README.Bugs --enable-languages=c,ada,c++,go,d,fortran,objc,obj-c++,m2 --prefix=/usr --with-gcc-major-version-only --program-suffix=-13 --program-prefix=x86_64-linux-gnu- --enable-shared --enable-linker-build-id --libexecdir=/usr/libexec --without-included-gettext --enable-threads=posix --libdir=/usr/lib --enable-nls --enable-bootstrap --enable-clocale=gnu --enable-libstdcxx-debug --enable-libstdcxx-time=yes --with-default-libstdcxx-abi=new --enable-libstdcxx-backtrace --enable-gnu-unique-object --disable-vtable-verify --enable-plugin --enable-default-pie --with-system-zlib --enable-libphobos-checking=release --with-target-system-zlib=auto --enable-objc-gc=auto --enable-multiarch --disable-werror --enable-cet --with-arch-32=i686 --with-abi=m64 --with-multilib-list=m32,m64,mx32 --enable-multilib --with-tune=generic --enable-offload-targets=nvptx-none=/build/gcc-13-fG75Ri/gcc-13-13.3.0/debian/tmp-nvptx/usr,amdgcn-amdhsa=/build/gcc-13-fG75Ri/gcc-13-13.3.0/debian/tmp-gcn/usr --enable-offload-defaulted --without-cuda-driver --enable-checking=release --build=x86_64-linux-gnu --host=x86_64-linux-gnu --target=x86_64-linux-gnu --with-build-config=bootstrap-lto-lean --enable-link-serialization=2
Thread model: posix
Supported LTO compression algorithms: zlib zstd
gcc version 13.3.0 (Ubuntu 13.3.0-6ubuntu2~24.04) 
... rest of stderr output deleted ...
configure:5266: $? = 0
configure:5255: g++ -V >&5
g++: error: unrecognized command-line option '-V'
g++: fatal error: no input files
compilation terminated.
configure:5266: $? = 1
configure:5255: g++ -qversion >&5
g++: error: unrecognized command-line option '-qversion'; did you mean '--version'?
g++: fatal error: no input files
compilation terminated.
configure:5266: $? = 1
configure:5270: checking whether the compiler supports GNU C++
configure:5290: g++ -c   conftest.cpp >&5
configure:5290: $? = 0
configure:5300: result: yes
configure:5311: checking whether g++ accepts -g
configure:5332: g++ -c -g  conftest.cpp >&5
configure:5332: $? = 0
configure:5376: result: yes
configure:5396: checking for g++ option to enable C++11 features
configure:5411: g++  -c -g -O2  conftest.cpp >&5
conftest.cpp: In function 'int main(int, char**)':
conftest.cpp:177:25: warning: empty parentheses were disambiguated as a function declaration [-Wvexing-parse]
  177 |   cxx11test::delegate d2();
      |                         ^~
conftest.cpp:177:25: note: remove parentheses to default-initialize a variable
  177 |   cxx11test::delegate d2();
      |                         ^~
      |                         --
conftest.cpp:177:25: note: or replace parentheses with braces to value-initialize a variable
configure:5411: $? = 0
configure:5429: result: none needed
configure:5495: checking dependency style of g++
configure:5607: result: gcc3
configure:5627: checking how to run the C preprocessor
configure:5653: gcc -E  conftest.c
configure:5653: $? = 0
configure:5668: gcc -E  conftest.c
conftest.c:11:10: fatal error: ac_nonexistent.h: No such file or directory
   11 | #include <ac_nonexistent.h>
      |          ^~~~~~~~~~~~~~~~~~
compilation terminated.
configure:5668: $? = 1
configure: failed program was:
| /* confdefs.h */
| #define PACKAGE_NAME "unuran"
| #define PACKAGE_TARNAME "unuran"
| #define PACKAGE_VERSION "1.11.0"
| #define PACKAGE_STRING "unuran 1.11.0"
| #define PACKAGE_BUGREPORT "unuran@statmath.wu.ac.at"
| #define PACKAGE_URL ""
| #define PACKAGE "unuran"
| #define VERSION "1.11.0"
| /* end confdefs.h.  */
| #include <ac_nonexistent.h>
configure:5695: result: gcc -E
configure:5709: gcc -E  conftest.c
configure:5709: $? = 0
configure:5724: gcc -E  conftest.c
conftest.c:11:10: fatal error: ac_nonexistent.h: No such file or directory
   11 | #include <ac_nonexistent.h>
      |          ^~~~~~~~~~~~~~~~~~
compilation terminated.
configure:5724: $? = 1
configure: failed program was:
| /* confdefs.h */
| #define PACKAGE_NAME "unuran"
| #define PACKAGE_TARNAME "unuran"
| #define PACKAGE_VERSION "1.11.0"
| #define PACKAGE_STRING "unuran 1.11.0"
| #define PACKAGE_BUGREPORT "unuran@statmath.wu.ac.at"
| #define PACKAGE_URL ""
| #define PACKAGE "unuran"
| #define VERSION "1.11.0"
| /* end confdefs.h.  */
| #include <ac_nonexistent.h>
configure:5802: checking for ranlib
configure:5823: found /usr/bin/ranlib
configure:5834: result: ranlib
configure:5857: checking whether ln -s works
configure:5861: result: yes
configure:5916: checking for ar
configure:5937: found /usr/bin/ar
configure:5948: result: ar
configure:6017: checking how to print strings
configure:6044: result: printf
configure:6065: checking for a sed that does not truncate output
configure:6135: result: /usr/bin/sed
configure:6153: checking for grep that handles long lines and -e
configure:6217: result: /usr/bin/grep
configure:6222: checking for egrep
configure:6290: result: /usr/bin/grep -E
configure:6295: checking for fgrep
configure:6363: result: /usr/bin/grep -F
configure:6399: checking for ld used by gcc
configure:6467: result: /usr/bin/ld
configure:6474: checking if the linker (/usr/bin/ld) is GNU ld
configure:6490: result: yes
configure:6502: checking for BSD- or MS-compatible name lister (nm)
configure:6557: result: /usr/bin/nm -B
configure:6697: checking the name lister (/usr/bin/nm -B) interface
configure:6705: gcc -c -fPIC   conftest.c >&5
configure:6708: /usr/bin/nm -B "conftest.o"
configure:6711: output
0000000000000000 B some_variable
configure:6718: result: BSD nm
configure:6722: checking the maximum length of command line arguments
configure:6859: result: 1572864
configure:6907: checking how to convert x86_64-pc-linux-gnu file names to x86_64-pc-linux-gnu format
configure:6948: result: func_convert_file_noop
configure:6955: checking how to convert x86_64-pc-linux-gnu file names to toolchain format
configure:6976: result: func_convert_file_noop
configure:6983: checking for /usr/bin/ld option to reload object files
configure:6991: result: -r
configure:7070: checking for file
configure:7091: found /usr/bin/file
configure:7102: result: file
configure:7178: checking for objdump
configure:7199: found /usr/bin/objdump
configure:7210: result: objdump
configure:7242: checking how to recognize dependent libraries
configure:7443: result: pass_all
configure:7533: checking for dlltool
configure:7568: result: no
configure:7598: checking how to associate runtime and link libraries
configure:7626: result: printf %s\n
configure:7777: checking for archiver @FILE support
configure:7795: gcc -c -fPIC   conftest.c >&5
configure:7795: $? = 0
configure:7799: ar cr libconftest.a @conftest.lst >&5
configure:7802: $? = 0
configure:7807: ar cr libconftest.a @conftest.lst >&5
ar: conftest.o: No such file or directory
configure:7810: $? = 1
configure:7822: result: @
configure:7885: checking for strip
configure:7906: found /usr/bin/strip
configure:7917: result: strip
configure:7994: checking for ranlib
configure:8026: result: ranlib
configure:8128: checking command to parse /usr/bin/nm -B output from gcc object
configure:8282: gcc -c -fPIC   conftest.c >&5
configure:8285: $? = 0
configure:8289: /usr/bin/nm -B conftest.o \| /usr/bin/sed -n -e 's/^.*[ ]\([ABCDGIRSTW][ABCDGIRSTW]*\)[ ][ ]*\([_A-Za-z][_A-Za-z0-9]*\)$/\1 \2 \2/p' | /usr/bin/sed '/ __gnu_lto/d' \> conftest.nm
configure:8292: $? = 0
configure:8358: gcc -o conftest -fPIC    conftest.c conftstm.o >&5
configure:8361: $? = 0
configure:8399: result: ok
configure:8446: checking for sysroot
configure:8477: result: no
configure:8484: checking for a working dd
configure:8528: result: /usr/bin/dd
configure:8532: checking how to truncate binary pipes
configure:8548: result: /usr/bin/dd bs=4096 count=1
configure:8685: gcc -c -fPIC   conftest.c >&5
configure:8688: $? = 0
configure:8885: checking for mt
configure:8906: found /usr/bin/mt
configure:8917: result: mt
configure:8940: checking if mt is a manifest tool
configure:8947: mt '-?'
configure:8955: result: no
configure:9680: checking for stdio.h
configure:9680: gcc -c -fPIC   conftest.c >&5
configure:9680: $? = 0
configure:9680: result: yes
configure:9680: checking for stdlib.h
configure:9680: gcc -c -fPIC   conftest.c >&5
configure:9680: $? = 0
configure:9680: result: yes
configure:9680: checking for string.h
configure:9680: gcc -c -fPIC   conftest.c >&5
configure:9680: $? = 0
configure:9680: result: yes
configure:9680: checking for inttypes.h
configure:9680: gcc -c -fPIC   conftest.c >&5
configure:9680: $? = 0
configure:9680: result: yes
configure:9680: checking for stdint.h
configure:9680: gcc -c -fPIC   conftest.c >&5
configure:9680: $? = 0
configure:9680: result: yes
configure:9680: checking for strings.h
configure:9680: gcc -c -fPIC   conftest.c >&5
configure:9680: $? = 0
configure:9680: result: yes
configure:9680: checking for sys/stat.h
configure:9680: gcc -c -fPIC   conftest.c >&5
configure:9680: $? = 0
configure:9680: result: yes
configure:9680: checking for sys/types.h
configure:9680: gcc -c -fPIC   conftest.c >&5
configure:9680: $? = 0
configure:9680: result: yes
configure:9680: checking for unistd.h
configure:9680: gcc -c -fPIC   conftest.c >&5
configure:9680: $? = 0
configure:9680: result: yes
configure:9680: checking for sys/time.h
configure:9680: gcc -c -fPIC   conftest.c >&5
configure:9680: $? = 0
configure:9680: result: yes
configure:9705: checking for dlfcn.h
configure:9705: gcc -c -fPIC   conftest.c >&5
configure:9705: $? = 0
configure:9705: result: yes
configure:9974: checking for objdir
configure:9990: result: .libs
configure:10250: checking if gcc supports -fno-rtti -fno-exceptions
configure:10269: gcc -c -fPIC   -fno-rtti -fno-exceptions conftest.c >&5
cc1: warning: command-line option '-fno-rtti' is valid for C++/D/ObjC++ but not for C
configure:10273: $? = 0
configure:10286: result: no
configure:10644: checking for gcc option to produce PIC
configure:10652: result: -fPIC -DPIC
configure:10660: checking if gcc PIC flag -fPIC -DPIC works
configure:10679: gcc -c -fPIC   -fPIC -DPIC -DPIC conftest.c >&5
configure:10683: $? = 0
configure:10696: result: yes
configure:10725: checking if gcc static flag -static works
configure:10754: result: yes
configure:10769: checking if gcc supports -c -o file.o
configure:10791: gcc -c -fPIC   -o out/conftest2.o conftest.c >&5
configure:10795: $? = 0
configure:10817: result: yes
configure:10825: checking if gcc supports -c -o file.o
configure:10873: result: yes
configure:10906: checking whether the gcc linker (/usr/bin/ld -m elf_x86_64) supports shared libraries
configure:12174: result: yes
configure:12415: checking dynamic linker characteristics
configure:13010: gcc -o conftest -fPIC    -Wl,-rpath -Wl,/foo conftest.c  >&5
configure:13010: $? = 0
configure:13249: result: GNU/Linux ld.so
configure:13371: checking how to hardcode library paths into programs
configure:13396: result: immediate
configure:13978: checking whether stripping libraries is possible
configure:13987: result: yes
configure:14029: checking if libtool supports shared libraries
configure:14031: result: yes
configure:14034: checking whether to build shared libraries
configure:14059: result: no
configure:14062: checking whether to build static libraries
configure:14066: result: yes
configure:14089: checking how to run the C++ preprocessor
configure:14111: g++ -E  conftest.cpp
configure:14111: $? = 0
configure:14126: g++ -E  conftest.cpp
conftest.cpp:24:10: fatal error: ac_nonexistent.h: No such file or directory
   24 | #include <ac_nonexistent.h>
      |          ^~~~~~~~~~~~~~~~~~
compilation terminated.
configure:14126: $? = 1
configure: failed program was:
| /* confdefs.h */
| #define PACKAGE_NAME "unuran"
| #define PACKAGE_TARNAME "unuran"
| #define PACKAGE_VERSION "1.11.0"
| #define PACKAGE_STRING "unuran 1.11.0"
| #define PACKAGE_BUGREPORT "unuran@statmath.wu.ac.at"
| #define PACKAGE_URL ""
| #define PACKAGE "unuran"
| #define VERSION "1.11.0"
| #define HAVE_STDIO_H 1
| #define HAVE_STDLIB_H 1
| #define HAVE_STRING_H 1
| #define HAVE_INTTYPES_H 1
| #define HAVE_STDINT_H 1
| #define HAVE_STRINGS_H 1
| #define HAVE_SYS_STAT_H 1
| #define HAVE_SYS_TYPES_H 1
| #define HAVE_UNISTD_H 1
| #define HAVE_SYS_TIME_H 1
| #define STDC_HEADERS 1
| #define HAVE_DLFCN_H 1
| #define LT_OBJDIR ".libs/"
| /* end confdefs.h.  */
| #include <ac_nonexistent.h>
configure:14153: result: g++ -E
configure:14167: g++ -E  conftest.cpp
configure:14167: $? = 0
configure:14182: g++ -E  conftest.cpp
conftest.cpp:24:10: fatal error: ac_nonexistent.h: No such file or directory
   24 | #include <ac_nonexistent.h>
      |          ^~~~~~~~~~~~~~~~~~
compilation terminated.
configure:14182: $? = 1
configure: failed program was:
| /* confdefs.h */
| #define PACKAGE_NAME "unuran"
| #define PACKAGE_TARNAME "unuran"
| #define PACKAGE_VERSION "1.11.0"
| #define PACKAGE_STRING "unuran 1.11.0"
| #define PACKAGE_BUGREPORT "unuran@statmath.wu.ac.at"
| #define PACKAGE_URL ""
| #define PACKAGE "unuran"
| #define VERSION "1.11.0"
| #define HAVE_STDIO_H 1
| #define HAVE_STDLIB_H 1
| #define HAVE_STRING_H 1
| #define HAVE_INTTYPES_H 1
| #define HAVE_STDINT_H 1
| #define HAVE_STRINGS_H 1
| #define HAVE_SYS_STAT_H 1
| #define HAVE_SYS_TYPES_H 1
| #define HAVE_UNISTD_H 1
| #define HAVE_SYS_TIME_H 1
| #define STDC_HEADERS 1
| #define HAVE_DLFCN_H 1
| #define LT_OBJDIR ".libs/"
| /* end confdefs.h.  */
| #include <ac_nonexistent.h>
configure:14347: checking for ld used by g++
configure:14415: result: /usr/bin/ld -m elf_x86_64
configure:14422: checking if the linker (/usr/bin/ld -m elf_x86_64) is GNU ld
configure:14438: result: yes
configure:14493: checking whether the g++ linker (/usr/bin/ld -m elf_x86_64) supports shared libraries
configure:15571: result: yes
configure:15607: g++ -c -g -O2  conftest.cpp >&5
configure:15610: $? = 0
configure:16091: checking for g++ option to produce PIC
configure:16099: result: -fPIC -DPIC
configure:16107: checking if g++ PIC flag -fPIC -DPIC works
configure:16126: g++ -c -g -O2  -fPIC -DPIC -DPIC conftest.cpp >&5
configure:16130: $? = 0
configure:16143: result: yes
configure:16166: checking if g++ static flag -static works
configure:16195: result: yes
configure:16207: checking if g++ supports -c -o file.o
configure:16229: g++ -c -g -O2  -o out/conftest2.o conftest.cpp >&5
configure:16233: $? = 0
configure:16255: result: yes
configure:16260: checking if g++ supports -c -o file.o
configure:16308: result: yes
configure:16338: checking whether the g++ linker (/usr/bin/ld -m elf_x86_64) supports shared libraries
configure:16378: result: yes
configure:16520: checking dynamic linker characteristics
configure:17281: result: GNU/Linux ld.so
configure:17346: checking how to hardcode library paths into programs
configure:17371: result: immediate
configure:17433: checking for sqrt in -lm
configure:17462: gcc -o conftest -fPIC    conftest.c -lm   >&5
conftest.c:34:6: warning: conflicting types for built-in function 'sqrt'; expected 'double(double)' [-Wbuiltin-declaration-mismatch]
   34 | char sqrt (void);
      |      ^~~~
conftest.c:1:1: note: 'sqrt' is declared in header '<math.h>'
    1 | /* confdefs.h */
configure:17462: $? = 0
configure:17472: result: yes
configure:17483: checking for cblas_dgemm in -lgslcblas
configure:17512: gcc -o conftest -fPIC    conftest.c -lgslcblas  -lm  >&5
/usr/bin/ld: cannot find -lgslcblas: No such file or directory
collect2: error: ld returned 1 exit status
configure:17512: $? = 1
configure: failed program was:
| /* confdefs.h */
| #define PACKAGE_NAME "unuran"
| #define PACKAGE_TARNAME "unuran"
| #define PACKAGE_VERSION "1.11.0"
| #define PACKAGE_STRING "unuran 1.11.0"
| #define PACKAGE_BUGREPORT "unuran@statmath.wu.ac.at"
| #define PACKAGE_URL ""
| #define PACKAGE "unuran"
| #define VERSION "1.11.0"
| #define HAVE_STDIO_H 1
| #define HAVE_STDLIB_H 1
| #define HAVE_STRING_H 1
| #define HAVE_INTTYPES_H 1
| #define HAVE_STDINT_H 1
| #define HAVE_STRINGS_H 1
| #define HAVE_SYS_STAT_H 1
| #define HAVE_SYS_TYPES_H 1
| #define HAVE_UNISTD_H 1
| #define HAVE_SYS_TIME_H 1
| #define STDC_HEADERS 1
| #define HAVE_DLFCN_H 1
| #define LT_OBJDIR ".libs/"
| #define HAVE_LIBM 1
| /* end confdefs.h.  */
| 
| /* Override any GCC internal prototype to avoid an error.
|    Use char because int might match the return type of a GCC
|    builtin and then its argument prototype would still apply.
|    The 'extern "C"' is for builds by C++ compilers;
|    although this is not generally supported in C code supporting it here
|    has little cost and some practical benefit (sr 110532).  */
| #ifdef __cplusplus
| extern "C"
| #endif
| char cblas_dgemm (void);
| int
| main (void)
| {
| return cblas_dgemm ();
|   ;
|   return 0;
| }
configure:17522: result: no
configure:17532: checking for gsl_blas_dgemm in -lgsl
configure:17561: gcc -o conftest -fPIC    conftest.c -lgsl  -lm  >&5
/usr/bin/ld: cannot find -lgsl: No such file or directory
collect2: error: ld returned 1 exit status
configure:17561: $? = 1
configure: failed program was:
| /* confdefs.h */
| #define PACKAGE_NAME "unuran"
| #define PACKAGE_TARNAME "unuran"
| #define PACKAGE_VERSION "1.11.0"
| #define PACKAGE_STRING "unuran 1.11.0"
| #define PACKAGE_BUGREPORT "unuran@statmath.wu.ac.at"
| #define PACKAGE_URL ""
| #define PACKAGE "unuran"
| #define VERSION "1.11.0"
| #define HAVE_STDIO_H 1
| #define HAVE_STDLIB_H 1
| #define HAVE_STRING_H 1
| #define HAVE_INTTYPES_H 1
| #define HAVE_STDINT_H 1
| #define HAVE_STRINGS_H 1
| #define HAVE_SYS_STAT_H 1
| #define HAVE_SYS_TYPES_H 1
| #define HAVE_UNISTD_H 1
| #define HAVE_SYS_TIME_H 1
| #define STDC_HEADERS 1
| #define HAVE_DLFCN_H 1
| #define LT_OBJDIR ".libs/"
| #define HAVE_LIBM 1
| /* end confdefs.h.  */
| 
| /* Override any GCC internal prototype to avoid an error.
|    Use char because int might match the return type of a GCC
|    builtin and then its argument prototype would still apply.
|    The 'extern "C"' is for builds by C++ compilers;
|    although this is not generally supported in C code supporting it here
|    has little cost and some practical benefit (sr 110532).  */
| #ifdef __cplusplus
| extern "C"
| #endif
| char gsl_blas_dgemm (void);
| int
| main (void)
| {
| return gsl_blas_dgemm ();
|   ;
|   return 0;
| }
configure:17571: result: no
configure:17972: checking for float.h
configure:17972: gcc -c -fPIC   conftest.c >&5
configure:17972: $? = 0
configure:17972: result: yes
configure:17978: checking for limits.h
configure:17978: gcc -c -fPIC   conftest.c >&5
configure:17978: $? = 0
configure:17978: result: yes
configure:17984: checking for stdlib.h
configure:17984: result: yes
configure:17990: checking for string.h
configure:17990: result: yes
configure:17996: checking for unistd.h
configure:17996: result: yes
configure:18006: checking for an ANSI C-conforming const
configure:18073: gcc -c -fPIC   conftest.c >&5
configure:18073: $? = 0
configure:18081: result: yes
configure:18089: checking for inline
configure:18106: gcc -c -fPIC   conftest.c >&5
configure:18106: $? = 0
configure:18115: result: inline
configure:18133: checking for size_t
configure:18133: gcc -c -fPIC   conftest.c >&5
configure:18133: $? = 0
configure:18133: gcc -c -fPIC   conftest.c >&5
conftest.c: In function 'main':
conftest.c:61:21: error: expected expression before ')' token
   61 | if (sizeof ((size_t)))
      |                     ^
configure:18133: $? = 1
configure: failed program was:
| /* confdefs.h */
| #define PACKAGE_NAME "unuran"
| #define PACKAGE_TARNAME "unuran"
| #define PACKAGE_VERSION "1.11.0"
| #define PACKAGE_STRING "unuran 1.11.0"
| #define PACKAGE_BUGREPORT "unuran@statmath.wu.ac.at"
| #define PACKAGE_URL ""
| #define PACKAGE "unuran"
| #define VERSION "1.11.0"
| #define HAVE_STDIO_H 1
| #define HAVE_STDLIB_H 1
| #define HAVE_STRING_H 1
| #define HAVE_INTTYPES_H 1
| #define HAVE_STDINT_H 1
| #define HAVE_STRINGS_H 1
| #define HAVE_SYS_STAT_H 1
| #define HAVE_SYS_TYPES_H 1
| #define HAVE_UNISTD_H 1
| #define HAVE_SYS_TIME_H 1
| #define STDC_HEADERS 1
| #define HAVE_DLFCN_H 1
| #define LT_OBJDIR ".libs/"
| #define HAVE_LIBM 1
| #define HAVE_FLOAT_H 1
| #define HAVE_LIMITS_H 1
| #define HAVE_STDLIB_H 1
| #define HAVE_STRING_H 1
| #define HAVE_UNISTD_H 1
| /* end confdefs.h.  */
| #include <stddef.h>
| #ifdef HAVE_STDIO_H
| # include <stdio.h>
| #endif
| #ifdef HAVE_STDLIB_H
| # include <stdlib.h>
| #endif
| #ifdef HAVE_STRING_H
| # include <string.h>
| #endif
| #ifdef HAVE_INTTYPES_H
| # include <inttypes.h>
| #endif
| #ifdef HAVE_STDINT_H
| # include <stdint.h>
| #endif
| #ifdef HAVE_STRINGS_H
| # include <strings.h>
| #endif
| #ifdef HAVE_SYS_TYPES_H
| # include <sys/types.h>
| #endif
| #ifdef HAVE_SYS_STAT_H
| # include <sys/stat.h>
| #endif
| #ifdef HAVE_UNISTD_H
| # include <unistd.h>
| #endif
| int
| main (void)
| {
| if (sizeof ((size_t)))
| 	    return 0;
|   ;
|   return 0;
| }
configure:18133: result: yes
configure:18145: checking for alarm
configure:18145: gcc -o conftest -fPIC    conftest.c -lm  >&5
configure:18145: $? = 0
configure:18145: result: yes
configure:18151: checking for floor
configure:18151: gcc -o conftest -fPIC    conftest.c -lm  >&5
conftest.c:47:6: warning: conflicting types for built-in function 'floor'; expected 'double(double)' [-Wbuiltin-declaration-mismatch]
   47 | char floor (void);
      |      ^~~~~
conftest.c:39:1: note: 'floor' is declared in header '<math.h>'
   38 | #include <limits.h>
   39 | #undef floor
configure:18151: $? = 0
configure:18151: result: yes
configure:18157: checking for gettimeofday
configure:18157: gcc -o conftest -fPIC    conftest.c -lm  >&5
configure:18157: $? = 0
configure:18157: result: yes
configure:18163: checking for memset
configure:18163: gcc -o conftest -fPIC    conftest.c -lm  >&5
conftest.c:49:6: warning: conflicting types for built-in function 'memset'; expected 'void *(void *, int,  long unsigned int)' [-Wbuiltin-declaration-mismatch]
   49 | char memset (void);
      |      ^~~~~~
conftest.c:41:1: note: 'memset' is declared in header '<string.h>'
   40 | #include <limits.h>
   41 | #undef memset
configure:18163: $? = 0
configure:18163: result: yes
configure:18169: checking for pow
configure:18169: gcc -o conftest -fPIC    conftest.c -lm  >&5
conftest.c:50:6: warning: conflicting types for built-in function 'pow'; expected 'double(double,  double)' [-Wbuiltin-declaration-mismatch]
   50 | char pow (void);
      |      ^~~
conftest.c:42:1: note: 'pow' is declared in header '<math.h>'
   41 | #include <limits.h>
   42 | #undef pow
configure:18169: $? = 0
configure:18169: result: yes
configure:18175: checking for sqrt
configure:18175: gcc -o conftest -fPIC    conftest.c -lm  >&5
conftest.c:51:6: warning: conflicting types for built-in function 'sqrt'; expected 'double(double)' [-Wbuiltin-declaration-mismatch]
   51 | char sqrt (void);
      |      ^~~~
conftest.c:43:1: note: 'sqrt' is declared in header '<math.h>'
   42 | #include <limits.h>
   43 | #undef sqrt
configure:18175: $? = 0
configure:18175: result: yes
configure:18181: checking for strcasecmp
configure:18181: gcc -o conftest -fPIC    conftest.c -lm  >&5
conftest.c:52:6: warning: conflicting types for built-in function 'strcasecmp'; expected 'int(const char *, const char *)' [-Wbuiltin-declaration-mismatch]
   52 | char strcasecmp (void);
      |      ^~~~~~~~~~
configure:18181: $? = 0
configure:18181: result: yes
configure:18187: checking for strchr
configure:18187: gcc -o conftest -fPIC    conftest.c -lm  >&5
conftest.c:53:6: warning: conflicting types for built-in function 'strchr'; expected 'char *(const char *, int)' [-Wbuiltin-declaration-mismatch]
   53 | char strchr (void);
      |      ^~~~~~
conftest.c:45:1: note: 'strchr' is declared in header '<string.h>'
   44 | #include <limits.h>
   45 | #undef strchr
configure:18187: $? = 0
configure:18187: result: yes
configure:18193: checking for strtol
configure:18193: gcc -o conftest -fPIC    conftest.c -lm  >&5
configure:18193: $? = 0
configure:18193: result: yes
configure:18199: checking for strtoul
configure:18199: gcc -o conftest -fPIC    conftest.c -lm  >&5
configure:18199: $? = 0
configure:18199: result: yes
configure:18207: checking for gcc options needed to detect all undeclared functions
configure:18229: gcc -c -fPIC    conftest.c >&5
conftest.c: In function 'main':
conftest.c:44:8: error: 'strchr' undeclared (first use in this function)
   44 | (void) strchr;
      |        ^~~~~~
conftest.c:1:1: note: 'strchr' is defined in header '<string.h>'; did you forget to '#include <string.h>'?
    1 | /* confdefs.h */
conftest.c:44:8: note: each undeclared identifier is reported only once for each function it appears in
   44 | (void) strchr;
      |        ^~~~~~
configure:18229: $? = 1
configure: failed program was:
| /* confdefs.h */
| #define PACKAGE_NAME "unuran"
| #define PACKAGE_TARNAME "unuran"
| #define PACKAGE_VERSION "1.11.0"
| #define PACKAGE_STRING "unuran 1.11.0"
| #define PACKAGE_BUGREPORT "unuran@statmath.wu.ac.at"
| #define PACKAGE_URL ""
| #define PACKAGE "unuran"
| #define VERSION "1.11.0"
| #define HAVE_STDIO_H 1
| #define HAVE_STDLIB_H 1
| #define HAVE_STRING_H 1
| #define HAVE_INTTYPES_H 1
| #define HAVE_STDINT_H 1
| #define HAVE_STRINGS_H 1
| #define HAVE_SYS_STAT_H 1
| #define HAVE_SYS_TYPES_H 1
| #define HAVE_UNISTD_H 1
| #define HAVE_SYS_TIME_H 1
| #define STDC_HEADERS 1
| #define HAVE_DLFCN_H 1
| #define LT_OBJDIR ".libs/"
| #define HAVE_LIBM 1
| #define HAVE_FLOAT_H 1
| #define HAVE_LIMITS_H 1
| #define HAVE_STDLIB_H 1
| #define HAVE_STRING_H 1
| #define HAVE_UNISTD_H 1
| #define HAVE_ALARM 1
| #define HAVE_FLOOR 1
| #define HAVE_GETTIMEOFDAY 1
| #define HAVE_MEMSET 1
| #define HAVE_POW 1
| #define HAVE_SQRT 1
| #define HAVE_STRCASECMP 1
| #define HAVE_STRCHR 1
| #define HAVE_STRTOL 1
| #define HAVE_STRTOUL 1
| /* end confdefs.h.  */
| 
| int
| main (void)
| {
| (void) strchr;
|   ;
|   return 0;
| }
configure:18256: gcc -c -fPIC    conftest.c >&5
configure:18256: $? = 0
configure:18273: result: none needed
configure:18287: checking whether log1p is declared
configure:18287: gcc -c -fPIC    conftest.c >&5
configure:18287: $? = 0
configure:18287: result: yes
configure:18297: checking whether hypot is declared
configure:18297: gcc -c -fPIC    conftest.c >&5
configure:18297: $? = 0
configure:18297: result: yes
configure:18308: checking whether getopt is declared
configure:18308: gcc -c -fPIC    conftest.c >&5
configure:18308: $? = 0
configure:18308: result: yes
configure:18316: checking whether snprintf is declared
configure:18316: gcc -c -fPIC    conftest.c >&5
configure:18316: $? = 0
configure:18316: result: yes
configure:18324: checking whether vsnprintf is declared
configure:18324: gcc -c -fPIC    conftest.c >&5
configure:18324: $? = 0
configure:18324: result: yes
configure:18334: checking whether isfinite is declared
configure:18334: gcc -c -fPIC    conftest.c >&5
configure:18334: $? = 0
configure:18334: result: yes
configure:18344: checking whether isinf is declared
configure:18344: gcc -c -fPIC    conftest.c >&5
configure:18344: $? = 0
configure:18344: result: yes
configure:18354: checking whether isnan is declared
configure:18354: gcc -c -fPIC    conftest.c >&5
configure:18354: $? = 0
configure:18354: result: yes
configure:18364: checking whether INFINITY is declared
configure:18364: gcc -c -fPIC    conftest.c >&5
configure:18364: $? = 0
configure:18364: result: yes
configure:18374: checking whether HUGE_VAL is declared
configure:18374: gcc -c -fPIC    conftest.c >&5
configure:18374: $? = 0
configure:18374: result: yes
configure:18384: checking whether DBL_MAX is declared
configure:18384: gcc -c -fPIC    conftest.c >&5
configure:18384: $? = 0
configure:18384: result: yes
configure:18396: checking for IEEE comparisons
configure:18420: gcc -o conftest -fPIC    conftest.c -lm  >&5
configure:18420: $? = 0
configure:18420: ./conftest
configure:18420: $? = 0
configure:18432: result: yes
configure:18442: checking for divide-by-zero
configure:18465: gcc -o conftest -fPIC    conftest.c -lm  >&5
configure:18465: $? = 0
configure:18465: ./conftest
configure:18465: $? = 0
configure:18477: result: yes
configure:18487: checking whether alarm is declared
configure:18487: gcc -c -fPIC    conftest.c >&5
configure:18487: $? = 0
configure:18487: result: yes
configure:18497: checking whether signal is declared
configure:18497: gcc -c -fPIC    conftest.c >&5
configure:18497: $? = 0
configure:18497: result: yes
configure:18507: checking for alarm
configure:18507: result: yes
configure:18513: checking for signal
configure:18513: gcc -o conftest -fPIC    conftest.c -lm  >&5
configure:18513: $? = 0
configure:18513: result: yes
configure:18642: checking for valgrind
configure:18675: result: false
configure:18848: checking that generated files are newer than configure
configure:18854: result: done
configure:18905: creating ./config.status

## ---------------------- ##
## Running config.status. ##
## ---------------------- ##

This file was extended by unuran config.status 1.11.0, which was
generated by GNU Autoconf 2.71.  Invocation command line was

  CONFIG_FILES    = 
  CONFIG_HEADERS  = 
  CONFIG_LINKS    = 
  CONFIG_COMMANDS = 
  $ ./config.status 

on wrdx

config.status:1220: creating Makefile
config.status:1220: creating src/Makefile
config.status:1220: creating src/distr/Makefile
config.status:1220: creating src/distributions/Makefile
config.status:1220: creating src/methods/Makefile
config.status:1220: creating src/parser/Makefile
config.status:1220: creating src/specfunct/Makefile
config.status:1220: creating src/tests/Makefile
config.status:1220: creating src/uniform/Makefile
config.status:1220: creating src/urng/Makefile
config.status:1220: creating src/utils/Makefile
config.status:1220: creating scripts/Makefile
config.status:1220: creating doc/Makefile
config.status:1220: creating doc/src/Makefile
config.status:1220: creating doc/figures/Makefile
config.status:1220: creating tests/Makefile
config.status:1220: creating tests/testdistributions/Makefile
config.status:1220: creating examples/Makefile
config.status:1220: creating experiments/Makefile
config.status:1220: creating config.h
config.status:1401: config.h is unchanged
config.status:1449: executing depfiles commands
config.status:1526: cd src/distr       && sed -e '/# am--include-marker/d' Makefile         | make -f - am--depfiles
make: Nothing to be done for 'am--depfiles'.
config.status:1531: $? = 0
config.status:1526: cd src/distributions       && sed -e '/# am--include-marker/d' Makefile         | make -f - am--depfiles
make: Nothing to be done for 'am--depfiles'.
config.status:1531: $? = 0
config.status:1526: cd src/methods       && sed -e '/# am--include-marker/d' Makefile         | make -f - am--depfiles
make: Nothing to be done for 'am--depfiles'.
config.status:1531: $? = 0
config.status:1526: cd src/parser       && sed -e '/# am--include-marker/d' Makefile         | make -f - am--depfiles
make: Nothing to be done for 'am--depfiles'.
config.status:1531: $? = 0
config.status:1526: cd src/specfunct       && sed -e '/# am--include-marker/d' Makefile         | make -f - am--depfiles
make: Nothing to be done for 'am--depfiles'.
config.status:1531: $? = 0
config.status:1526: cd src/tests       && sed -e '/# am--include-marker/d' Makefile         | make -f - am--depfiles
make: Nothing to be done for 'am--depfiles'.
config.status:1531: $? = 0
config.status:1526: cd src/uniform       && sed -e '/# am--include-marker/d' Makefile         | make -f - am--depfiles
make: Nothing to be done for 'am--depfiles'.
config.status:1531: $? = 0
config.status:1526: cd src/urng       && sed -e '/# am--include-marker/d' Makefile         | make -f - am--depfiles
make: Nothing to be done for 'am--depfiles'.
config.status:1531: $? = 0
config.status:1526: cd src/utils       && sed -e '/# am--include-marker/d' Makefile         | make -f - am--depfiles
make: Nothing to be done for 'am--depfiles'.
config.status:1531: $? = 0
config.status:1526: cd scripts       && sed -e '/# am--include-marker/d' Makefile         | make -f - am--depfiles
make: Nothing to be done for 'am--depfiles'.
config.status:1531: $? = 0
config.status:1526: cd tests       && sed -e '/# am--include-marker/d' Makefile         | make -f - am--depfiles
make: Nothing to be done for 'am--depfiles'.
config.status:1531: $? = 0
config.status:1526: cd tests/testdistributions       && sed -e '/# am--include-marker/d' Makefile         | make -f - am--depfiles
make: Nothing to be done for 'am--depfiles'.
config.status:1531: $? = 0
config.status:1526: cd examples       && sed -e '/# am--include-marker/d' Makefile         | make -f - am--depfiles
make: Nothing to be done for 'am--depfiles'.
config.status:1531: $? = 0
config.status:1526: cd experiments       && sed -e '/# am--include-marker/d' Makefile         | make -f - am--depfiles
make: Nothing to be done for 'am--depfiles'.
config.status:1531: $? = 0
config.status:1449: executing libtool commands
configure:21340: result:
*========================================================
*
* Configuration for unuran-1.11.0:
*
*  Source directory:           .
*  Installation directory:     /home/wrdx/5_sem/pysatl-core/vendor/unuran-build
*  C Compiler:                 gcc
*
*  Build shared library:       no
*  Build static library:       yes
*
*  Use deprecated code:        no
*  Enable runtime checks:      no
*  Enable logging of data:     no
*  Enable info routine:        yes
*  Experimenal code:           no
*  Use Rmath library:          no
*
*  Support for external uniform random number generators
*    Rngstream:                no
*    PRNG:                     no
*    GSL:                      no
*
*  Default URNG:               builtin
*
*========================================================


## ---------------- ##
## Cache variables. ##
## ---------------- ##

ac_cv_build=x86_64-pc-linux-gnu
ac_cv_c_compiler_gnu=yes
ac_cv_c_const=yes
ac_cv_c_divide_by_zero=yes
ac_cv_c_ieee_comparisons=yes
ac_cv_c_inline=inline
ac_cv_c_undeclared_builtin_options='none needed'
ac_cv_cxx_compiler_gnu=yes
ac_cv_env_CCC_set=
ac_cv_env_CCC_value=
ac_cv_env_CC_set=
ac_cv_env_CC_value=
ac_cv_env_CFLAGS_set=set
ac_cv_env_CFLAGS_value='-fPIC '
ac_cv_env_CPPFLAGS_set=
ac_cv_env_CPPFLAGS_value=
ac_cv_env_CPP_set=
ac_cv_env_CPP_value=
ac_cv_env_CXXCPP_set=
ac_cv_env_CXXCPP_value=
ac_cv_env_CXXFLAGS_set=
ac_cv_env_CXXFLAGS_value=
ac_cv_env_CXX_set=
ac_cv_env_CXX_value=
ac_cv_env_LDFLAGS_set=
ac_cv_env_LDFLAGS_value=
ac_cv_env_LIBS_set=
ac_cv_env_LIBS_value=
ac_cv_env_LT_SYS_LIBRARY_PATH_set=
ac_cv_env_LT_SYS_LIBRARY_PATH_value=
ac_cv_env_build_alias_set=
ac_cv_env_build_alias_value=
ac_cv_env_host_alias_set=
ac_cv_env_host_alias_value=
ac_cv_env_target_alias_set=
ac_cv_env_target_alias_value=
ac_cv_func_alarm=yes
ac_cv_func_floor=yes
ac_cv_func_gettimeofday=yes
ac_cv_func_memset=yes
ac_cv_func_pow=yes
ac_cv_func_signal=yes
ac_cv_func_sqrt=yes
ac_cv_func_strcasecmp=yes
ac_cv_func_strchr=yes
ac_cv_func_strtol=yes
ac_cv_func_strtoul=yes
ac_cv_have_decl_DBL_MAX=yes
ac_cv_have_decl_HUGE_VAL=yes
ac_cv_have_decl_INFINITY=yes
ac_cv_have_decl_alarm=yes
ac_cv_have_decl_getopt=yes
ac_cv_have_decl_hypot=yes
ac_cv_have_decl_isfinite=yes
ac_cv_have_decl_isinf=yes
ac_cv_have_decl_isnan=yes
ac_cv_have_decl_log1p=yes
ac_cv_have_decl_signal=yes
ac_cv_have_decl_snprintf=yes
ac_cv_have_decl_vsnprintf=yes
ac_cv_header_dlfcn_h=yes
ac_cv_header_float_h=yes
ac_cv_header_inttypes_h=yes
ac_cv_header_limits_h=yes
ac_cv_header_stdint_h=yes
ac_cv_header_stdio_h=yes
ac_cv_header_stdlib_h=yes
ac_cv_header_string_h=yes
ac_cv_header_strings_h=yes
ac_cv_header_sys_stat_h=yes
ac_cv_header_sys_time_h=yes
ac_cv_header_sys_types_h=yes
ac_cv_header_unistd_h=yes
ac_cv_host=x86_64-pc-linux-gnu
ac_cv_lib_gsl_gsl_blas_dgemm=no
ac_cv_lib_gslcblas_cblas_dgemm=no
ac_cv_lib_m_sqrt=yes
ac_cv_objext=o
ac_cv_path_EGREP='/usr/bin/grep -E'
ac_cv_path_FGREP='/usr/bin/grep -F'
ac_cv_path_GREP=/usr/bin/grep
ac_cv_path_SED=/usr/bin/sed
ac_cv_path_install='/usr/bin/install -c'
ac_cv_path_lt_DD=/usr/bin/dd
ac_cv_path_mkdir=/usr/bin/mkdir
ac_cv_prog_AWK=mawk
ac_cv_prog_CPP='gcc -E'
ac_cv_prog_CXXCPP='g++ -E'
ac_cv_prog_ac_ct_AR=ar
ac_cv_prog_ac_ct_CC=gcc
ac_cv_prog_ac_ct_CXX=g++
ac_cv_prog_ac_ct_FILECMD=file
ac_cv_prog_ac_ct_MANIFEST_TOOL=mt
ac_cv_prog_ac_ct_OBJDUMP=objdump
ac_cv_prog_ac_ct_RANLIB=ranlib
ac_cv_prog_ac_ct_STRIP=strip
ac_cv_prog_cc_c11=
ac_cv_prog_cc_g=yes
ac_cv_prog_cc_stdc=
ac_cv_prog_cxx_11=no
ac_cv_prog_cxx_cxx11=
ac_cv_prog_cxx_g=yes
ac_cv_prog_cxx_stdcxx=
ac_cv_prog_have_valgrind=false
ac_cv_prog_make_make_set=yes
ac_cv_type_size_t=yes
am_cv_CC_dependencies_compiler_type=gcc3
am_cv_CXX_dependencies_compiler_type=gcc3
am_cv_make_support_nested_variables=yes
am_cv_prog_cc_c_o=yes
lt_cv_ar_at_file=@
lt_cv_deplibs_check_method=pass_all
lt_cv_file_magic_cmd='$MAGIC_CMD'
lt_cv_file_magic_test_file=
lt_cv_ld_reload_flag=-r
lt_cv_nm_interface='BSD nm'
lt_cv_objdir=.libs
lt_cv_path_LD=/usr/bin/ld
lt_cv_path_LDCXX='/usr/bin/ld -m elf_x86_64'
lt_cv_path_NM='/usr/bin/nm -B'
lt_cv_path_mainfest_tool=no
lt_cv_prog_compiler_c_o=yes
lt_cv_prog_compiler_c_o_CXX=yes
lt_cv_prog_compiler_pic='-fPIC -DPIC'
lt_cv_prog_compiler_pic_CXX='-fPIC -DPIC'
lt_cv_prog_compiler_pic_works=yes
lt_cv_prog_compiler_pic_works_CXX=yes
lt_cv_prog_compiler_rtti_exceptions=no
lt_cv_prog_compiler_static_works=yes
lt_cv_prog_compiler_static_works_CXX=yes
lt_cv_prog_gnu_ld=yes
lt_cv_prog_gnu_ldcxx=yes
lt_cv_sharedlib_from_linklib_cmd='printf %s\n'
lt_cv_shlibpath_overrides_runpath=yes
lt_cv_sys_global_symbol_pipe='/usr/bin/sed -n -e '\''s/^.*[	 ]\([ABCDGIRSTW][ABCDGIRSTW]*\)[	 ][	 ]*\([_A-Za-z][_A-Za-z0-9]*\)$/\1 \2 \2/p'\'' | /usr/bin/sed '\''/ __gnu_lto/d'\'''
lt_cv_sys_global_symbol_to_c_name_address='/usr/bin/sed -n -e '\''s/^: \(.*\) .*$/  {"\1", (void *) 0},/p'\'' -e '\''s/^[ABCDGIRSTW][ABCDGIRSTW]* .* \(.*\)$/  {"\1", (void *) \&\1},/p'\'''
lt_cv_sys_global_symbol_to_c_name_address_lib_prefix='/usr/bin/sed -n -e '\''s/^: \(.*\) .*$/  {"\1", (void *) 0},/p'\'' -e '\''s/^[ABCDGIRSTW][ABCDGIRSTW]* .* \(lib.*\)$/  {"\1", (void *) \&\1},/p'\'' -e '\''s/^[ABCDGIRSTW][ABCDGIRSTW]* .* \(.*\)$/  {"lib\1", (void *) \&\1},/p'\'''
lt_cv_sys_global_symbol_to_cdecl='/usr/bin/sed -n -e '\''s/^T .* \(.*\)$/extern int \1();/p'\'' -e '\''s/^[ABCDGIRSTW][ABCDGIRSTW]* .* \(.*\)$/extern char \1;/p'\'''
lt_cv_sys_global_symbol_to_import=
lt_cv_sys_max_cmd_len=1572864
lt_cv_to_host_file_cmd=func_convert_file_noop
lt_cv_to_tool_file_cmd=func_convert_file_noop
lt_cv_truncate_bin='/usr/bin/dd bs=4096 count=1'

## ----------------- ##
## Output variables. ##
## ----------------- ##

ACLOCAL='${SHELL} '\''/home/wrdx/5_sem/pysatl-core/vendor/unuran-1.11.0/autoconf/missing'\'' aclocal-1.16'
AMDEPBACKSLASH='\'
AMDEP_FALSE='#'
AMDEP_TRUE=''
AMTAR='$${TAR-tar}'
AM_BACKSLASH='\'
AM_CFLAGS=' -Wall -Wextra  -Wshadow -Wstrict-prototypes'
AM_DEFAULT_V='$(AM_DEFAULT_VERBOSITY)'
AM_DEFAULT_VERBOSITY='1'
AM_V='$(V)'
AR='ar'
AUTOCONF='${SHELL} '\''/home/wrdx/5_sem/pysatl-core/vendor/unuran-1.11.0/autoconf/missing'\'' autoconf'
AUTOHEADER='${SHELL} '\''/home/wrdx/5_sem/pysatl-core/vendor/unuran-1.11.0/autoconf/missing'\'' autoheader'
AUTOMAKE='${SHELL} '\''/home/wrdx/5_sem/pysatl-core/vendor/unuran-1.11.0/autoconf/missing'\'' automake-1.16'
AWK='mawk'
CC='gcc'
CCDEPMODE='depmode=gcc3'
CFLAGS='-fPIC '
CPP='gcc -E'
CPPFLAGS=''
CSCOPE='cscope'
CTAGS='ctags'
CXX='g++'
CXXCPP='g++ -E'
CXXDEPMODE='depmode=gcc3'
CXXFLAGS='-g -O2'
CYGPATH_W='echo'
DEFS='-DHAVE_CONFIG_H'
DEPDIR='.deps'
DLLTOOL='false'
DSYMUTIL=''
DUMPBIN=''
ECHO_C=''
ECHO_N='-n'
ECHO_T=''
EGREP='/usr/bin/grep -E'
ENABLE_DEPRECATED_FALSE=''
ENABLE_DEPRECATED_TRUE='#'
ENABLE_EXPERIMENTAL_FALSE=''
ENABLE_EXPERIMENTAL_TRUE='#'
ETAGS='etags'
EXEEXT=''
FGREP='/usr/bin/grep -F'
FILECMD='file'
GREP='/usr/bin/grep'
HAVE_DIVIDE_BY_ZERO=''
HAVE_IEEE_COMPARISONS=''
HAVE_MATHEMATICA_FALSE=''
HAVE_MATHEMATICA_TRUE='#'
HAVE_MINGW_FALSE=''
HAVE_MINGW_TRUE='#'
HAVE_VALGRIND_FALSE=''
HAVE_VALGRIND_TRUE='#'
INSTALL_DATA='${INSTALL} -m 644'
INSTALL_PROGRAM='${INSTALL}'
INSTALL_SCRIPT='${INSTALL}'
INSTALL_STRIP_PROGRAM='$(install_sh) -c -s'
LD='/usr/bin/ld -m elf_x86_64'
LDFLAGS=''
LIBOBJS=''
LIBS='-lm '
LIBTOOL='$(SHELL) $(top_builddir)/libtool'
LIPO=''
LN_S='ln -s'
LTLIBOBJS=''
LT_SYS_LIBRARY_PATH=''
MAINT='#'
MAINTAINER_MODE_FALSE=''
MAINTAINER_MODE_TRUE='#'
MAKEINFO='${SHELL} '\''/home/wrdx/5_sem/pysatl-core/vendor/unuran-1.11.0/autoconf/missing'\'' makeinfo'
MANIFEST_TOOL=':'
MKDIR_P='/usr/bin/mkdir -p'
NM='/usr/bin/nm -B'
NMEDIT=''
OBJDUMP='objdump'
OBJEXT='o'
OTOOL64=''
OTOOL=''
PACKAGE='unuran'
PACKAGE_BUGREPORT='unuran@statmath.wu.ac.at'
PACKAGE_NAME='unuran'
PACKAGE_STRING='unuran 1.11.0'
PACKAGE_TARNAME='unuran'
PACKAGE_URL=''
PACKAGE_VERSION='1.11.0'
PATH_SEPARATOR=':'
RANLIB='ranlib'
SED='/usr/bin/sed'
SET_MAKE=''
SHELL='/bin/bash'
STRIP='strip'
UNURAN_LT_VERSION='16:1:0'
UNURAN_SUPPORTS_GSL=''
UNURAN_SUPPORTS_PRNG=''
UNURAN_SUPPORTS_RNGSTREAM=''
VERSION='1.11.0'
ac_ct_AR='ar'
ac_ct_CC='gcc'
ac_ct_CXX='g++'
ac_ct_DUMPBIN=''
am__EXEEXT_FALSE=''
am__EXEEXT_TRUE='#'
am__fastdepCC_FALSE='#'
am__fastdepCC_TRUE=''
am__fastdepCXX_FALSE='#'
am__fastdepCXX_TRUE=''
am__include='include'
am__isrc=''
am__leading_dot='.'
am__nodep='_no'
am__quote=''
am__tar='$${TAR-tar} chof - "$$tardir"'
am__untar='$${TAR-tar} xf -'
bindir='${exec_prefix}/bin'
build='x86_64-pc-linux-gnu'
build_alias=''
build_cpu='x86_64'
build_os='linux-gnu'
build_vendor='pc'
datadir='${datarootdir}'
datarootdir='${prefix}/share'
docdir='${datarootdir}/doc/${PACKAGE_TARNAME}'
dvidir='${docdir}'
exec_prefix='${prefix}'
have_valgrind='false'
host='x86_64-pc-linux-gnu'
host_alias=''
host_cpu='x86_64'
host_os='linux-gnu'
host_vendor='pc'
htmldir='${docdir}'
includedir='${prefix}/include'
infodir='${datarootdir}/info'
install_sh='${SHELL} /home/wrdx/5_sem/pysatl-core/vendor/unuran-1.11.0/autoconf/install-sh'
libdir='${exec_prefix}/lib'
libexecdir='${exec_prefix}/libexec'
localedir='${datarootdir}/locale'
localstatedir='${prefix}/var'
mandir='${datarootdir}/man'
mkdir_p='$(MKDIR_P)'
oldincludedir='/usr/include'
pdfdir='${docdir}'
prefix='/home/wrdx/5_sem/pysatl-core/vendor/unuran-build'
program_transform_name='s,x,x,'
psdir='${docdir}'
runstatedir='${localstatedir}/run'
sbindir='${exec_prefix}/sbin'
sharedstatedir='${prefix}/com'
sysconfdir='${prefix}/etc'
target_alias=''

## ----------- ##
## confdefs.h. ##
## ----------- ##

/* confdefs.h */
#define PACKAGE_NAME "unuran"
#define PACKAGE_TARNAME "unuran"
#define PACKAGE_VERSION "1.11.0"
#define PACKAGE_STRING "unuran 1.11.0"
#define PACKAGE_BUGREPORT "unuran@statmath.wu.ac.at"
#define PACKAGE_URL ""
#define PACKAGE "unuran"
#define VERSION "1.11.0"
#define HAVE_STDIO_H 1
#define HAVE_STDLIB_H 1
#define HAVE_STRING_H 1
#define HAVE_INTTYPES_H 1
#define HAVE_STDINT_H 1
#define HAVE_STRINGS_H 1
#define HAVE_SYS_STAT_H 1
#define HAVE_SYS_TYPES_H 1
#define HAVE_UNISTD_H 1
#define HAVE_SYS_TIME_H 1
#define STDC_HEADERS 1
#define HAVE_DLFCN_H 1
#define LT_OBJDIR ".libs/"
#define HAVE_LIBM 1
#define HAVE_FLOAT_H 1
#define HAVE_LIMITS_H 1
#define HAVE_STDLIB_H 1
#define HAVE_STRING_H 1
#define HAVE_UNISTD_H 1
#define HAVE_ALARM 1
#define HAVE_FLOOR 1
#define HAVE_GETTIMEOFDAY 1
#define HAVE_MEMSET 1
#define HAVE_POW 1
#define HAVE_SQRT 1
#define HAVE_STRCASECMP 1
#define HAVE_STRCHR 1
#define HAVE_STRTOL 1
#define HAVE_STRTOUL 1
#define HAVE_DECL_LOG1P 1
#define HAVE_DECL_HYPOT 1
#define HAVE_DECL_GETOPT 1
#define HAVE_DECL_SNPRINTF 1
#define HAVE_DECL_VSNPRINTF 1
#define HAVE_DECL_ISFINITE 1
#define HAVE_DECL_ISINF 1
#define HAVE_DECL_ISNAN 1
#define HAVE_DECL_INFINITY 1
#define HAVE_DECL_HUGE_VAL 1
#define HAVE_DECL_DBL_MAX 1
#define HAVE_IEEE_COMPARISONS 1
#define HAVE_DIVIDE_BY_ZERO 1
#define HAVE_DECL_ALARM 1
#define HAVE_DECL_SIGNAL 1
#define HAVE_ALARM 1
#define HAVE_SIGNAL 1
#define UNUR_ENABLE_INFO 1

configure: exit 0
